make all --print-data-base --no-builtin-variables --no-builtin-rules --question
make: Warning: File 'Makefile' has modification time 34 s in the future
 
make: warning:  Clock skew detected.  Your build may be incomplete.
 
# GNU Make 4.2.1
# Built for x86_64-pc-linux-gnu
# Copyright (C) 1988-2016 Free Software Foundation, Inc.
# License GPLv3+: GNU GPL version 3 or later <http://gnu.org/licenses/gpl.html>
# This is free software: you are free to change and redistribute it.
# There is NO WARRANTY, to the extent permitted by law.

# Make data base, printed on Mon Oct 18 01:49:00 2021

# Variables

# 'override' directive
GNUMAKEFLAGS := 
# automatic
<D = $(patsubst %/,%,$(dir $<))
# automatic
?F = $(notdir $?)
# environment
DESKTOP_SESSION = ubuntu
# default
.SHELLFLAGS := -c
# environment
XDG_SESSION_CLASS = user
# environment
XDG_SESSION_TYPE = x11
# environment
VSCODE_LOG_NATIVE = false
# automatic
?D = $(patsubst %/,%,$(dir $?))
# environment
IM_CONFIG_PHASE = 1
# automatic
@D = $(patsubst %/,%,$(dir $@))
# environment
XAUTHORITY = /run/user/1000/gdm/Xauthority
# environment
GDMSESSION = ubuntu
# environment
XMODIFIERS = @im=ibus
# makefile
CURDIR := /media/vault-1tb/Vishwa/Projects/Linux/AVR/OLED_Drv
# makefile
SHELL = /bin/sh
# environment
VSCODE_NLS_CONFIG = {"locale":"en-gb","availableLanguages":{},"_languagePackSupport":true}
# environment
_ = /usr/share/code/code
# makefile (from 'Makefile', line 6)
CFLAGS = -I. -DF_CPU=12000000UL -Os
# environment
JOURNAL_STREAM = 8:40198
# environment
XDG_CONFIG_DIRS = /etc/xdg/xdg-ubuntu:/etc/xdg
# makefile (from 'Makefile', line 1)
MAKEFILE_LIST :=  Makefile
# automatic
@F = $(notdir $@)
# environment
GIO_LAUNCHED_DESKTOP_FILE = /usr/share/applications/code.desktop
# environment
USERNAME = elechi
# environment
XDG_DATA_DIRS = /usr/share/ubuntu:/usr/local/share/:/usr/share/:/var/lib/snapd/desktop
# environment
DBUS_SESSION_BUS_ADDRESS = unix:path=/run/user/1000/bus
# environment
VSCODE_VERBOSE_LOGGING = true
# environment
MANAGERPID = 1197
# environment
LESSOPEN = | /usr/bin/lesspipe %s
# environment
VSCODE_CWD = /home/elechi
# default
MAKE_HOST := x86_64-pc-linux-gnu
# environment
PATH = /home/elechi/.local/bin:/home/elechi/.local/bin:/usr/local/sbin:/usr/local/bin:/usr/sbin:/usr/bin:/sbin:/bin:/usr/games:/usr/local/games:/snap/bin
# environment
GPG_AGENT_INFO = /run/user/1000/gnupg/S.gpg-agent:0:1
# environment
SESSION_MANAGER = local/lnxdesktop:@/tmp/.ICE-unix/1450,unix/lnxdesktop:/tmp/.ICE-unix/1450
# environment
XDG_RUNTIME_DIR = /run/user/1000
# makefile (from 'Makefile', line 8)
AVRDUDE = avrdude
# environment
XDG_MENU_PREFIX = gnome-
# environment
VSCODE_LOG_STACK = false
# environment
VSCODE_CRASH_REPORTER_START_OPTIONS = {"companyName":"Microsoft","productName":"VSCode","submitURL":"appcenter://code?aid=fba07a4d-84bd-4fc8-a125-9640fc8ce171&uid=0e9ab60c-abe3-4d71-9cfd-f89b5a06c7bd&iid=0e9ab60c-abe3-4d71-9cfd-f89b5a06c7bd&sid=0e9ab60c-abe3-4d71-9cfd-f89b5a06c7bd","uploadToServer":true}
# environment
INVOCATION_ID = 5d1768eb70324b4f92b543098bcafc7b
# makefile (from 'Makefile', line 7)
LDFLAGS = -Wl,--section-start=.display=0x1600
# default
.FEATURES := target-specific order-only second-expansion else-if shortest-stem undefine oneshell archives jobserver output-sync check-symlink load
# environment
LS_COLORS = 
# environment
XDG_SESSION_DESKTOP = ubuntu
# environment
SSH_AUTH_SOCK = /tmp/ssh-ZWh2pngjS33i/agent.1350
# environment
GIO_LAUNCHED_DESKTOP_FILE_PID = 16073
# automatic
%F = $(notdir $%)
# environment
DISPLAY = :0
# environment
VSCODE_PIPE_LOGGING = true
# environment
PWD = /media/vault-1tb/Vishwa/Projects/Linux/AVR/OLED_Drv
# default
.LOADED := 
# environment
SSH_AGENT_PID = 1410
# makefile (from 'Makefile', line 5)
PROGRAMMER = usbasp
# environment
ORIGINAL_XDG_CURRENT_DESKTOP = ubuntu:GNOME
# environment
GTK_MODULES = gail:atk-bridge:appmenu-gtk-module
# environment
VSCODE_AMD_ENTRYPOINT = vs/workbench/services/extensions/node/extensionHostProcess
# environment
HOME = /home/elechi
# environment
LESSCLOSE = /usr/bin/lesspipe %s %s
# makefile (from 'Makefile', line 4)
ARCH_FLAGS = -mmcu=$(MCU)
# environment
VSCODE_CODE_CACHE_PATH = /home/elechi/.config/Code/CachedData/ee8c7def80afc00dd6e593ef12f37756d8f504ea
# environment
LOGNAME = elechi
# environment
APPLICATION_INSIGHTS_NO_DIAGNOSTIC_CHANNEL = true
# environment
VSCODE_HANDLES_UNCAUGHT_ERRORS = true
# environment
GNOME_DESKTOP_SESSION_ID = this-is-deprecated
# automatic
^D = $(patsubst %/,%,$(dir $^))
# environment
MAKELEVEL := 0
# default
MAKE = $(MAKE_COMMAND)
# default
MAKECMDGOALS := all
# environment
QT_IM_MODULE = ibus
# environment
SHLVL = 0
# makefile (from 'Makefile', line 1)
CC = avr-gcc
# environment
GNOME_SHELL_SESSION_MODE = ubuntu
# environment
VSCODE_IPC_HOOK_EXTHOST = /run/user/1000/vscode-ipc-90a07d31-2fbc-42dd-ab8f-a44b8d5f7559.sock
# default
MAKE_VERSION := 4.2.1
# environment
USER = elechi
# makefile
.DEFAULT_GOAL := all
# environment
XDG_CURRENT_DESKTOP = Unity
# automatic
%D = $(patsubst %/,%,$(dir $%))
# default
MAKE_COMMAND := make
# default
.VARIABLES := 
# automatic
*F = $(notdir $*)
# environment
LANGUAGE = en_IN:en
# environment
VSCODE_IPC_HOOK = /run/user/1000/vscode-12644030-1.61.0-main.sock
# makefile
MAKEFLAGS = pqrR
# environment
MFLAGS = -pqrR
# automatic
*D = $(patsubst %/,%,$(dir $*))
# environment
BREAKPAD_DUMP_LOCATION = /home/elechi/.config/Code/exthost Crash Reports
# automatic
+D = $(patsubst %/,%,$(dir $+))
# environment
GDK_BACKEND = x11
# automatic
+F = $(notdir $+)
# environment
QT_ACCESSIBILITY = 1
# makefile (from 'Makefile', line 3)
MCU = atmega8
# default
MAKEFILES := 
# automatic
<F = $(notdir $<)
# environment
ELECTRON_RUN_AS_NODE = 1
# environment
LC_ALL = C
# environment
GJS_DEBUG_TOPICS = JS ERROR;JS LOG
# automatic
^F = $(notdir $^)
# makefile (from 'Makefile', line 2)
OBJCOPY = avr-objcopy
# default
SUFFIXES := 
# environment
CHROME_DESKTOP = code-url-handler.desktop
# environment
WINDOWPATH = 2
# default
.INCLUDE_DIRS = /usr/include /usr/local/include /usr/include
# environment
GJS_DEBUG_OUTPUT = stderr
# default
.RECIPEPREFIX := 
# environment
LANG = C
# environment
VSCODE_PID = 16073
# variable set hash-table stats:
# Load=108/1024=11%, Rehash=0, Collisions=16/133=12%

# Pattern-specific Variable Values

# No pattern-specific variable values.

# Directories

# . (device 55, inode 33032615): 11 files, no impossibilities.
# test (device 55, inode 33032654): 3 files, no impossibilities so far.

# 14 files, no impossibilities in 2 directories.

# Implicit Rules

%.o: %.c
#  recipe to execute (from 'Makefile', line 19):
	$(CC) $(ARCH_FLAGS) -o $@ -c $< $(CFLAGS)

# 1 implicit rules, 0 (0.0%) terminal.

# Files

main.elf: test/main.o SSD1306.o
#  Implicit rule search has not been done.
#  Last modified 2021-10-18 01:48:30.43986534
#  File has been updated.
#  Successfully updated.
#  recipe to execute (from 'Makefile', line 16):
	$(CC) $(ARCH_FLAGS) -o $@ $^ $(LDFLAGS)

test/main.o: test/main.c
#  Implicit rule search has been done.
#  Implicit/static pattern stem: 'test/main'
#  Last modified 2021-10-18 01:48:30.369865117
#  File has been updated.
#  Successfully updated.
#  recipe to execute (from 'Makefile', line 19):
	$(CC) $(ARCH_FLAGS) -o $@ -c $< $(CFLAGS)

program: main.hex
#  Implicit rule search has not been done.
#  Modification time never checked.
#  File has not been updated.
#  recipe to execute (from 'Makefile', line 24):
	$(AVRDUDE) -p $(MCU) -P usb -c $(PROGRAMMER) -U flash:w:main.hex:i 

.PHONEY: clean program
#  Implicit rule search has not been done.
#  Modification time never checked.
#  File has not been updated.

all: main.hex
#  Command line target.
#  Implicit rule search has been done.
#  File does not exist.
#  File has been updated.
#  Successfully updated.

# Not a target:
Makefile:
#  Implicit rule search has been done.
#  Last modified 2021-10-18 01:49:33.950067755
#  File has been updated.
#  Successfully updated.

# Not a target:
test/main.c:
#  Implicit rule search has been done.
#  Last modified 2021-10-18 01:47:05.479594562
 
#  File has been updated.
#  Successfully updated.

# Not a target:
.DEFAULT:
#  Implicit rule search has not been done.
#  Modification time never checked.
#  File has not been updated.

SSD1306.o: SSD1306.c
#  Implicit rule search has been done.
#  Implicit/static pattern stem: 'SSD1306'
#  Last modified 2021-10-18 01:48:30.419865276
#  File has been updated.
#  Successfully updated.
#  recipe to execute (from 'Makefile', line 19):
	$(CC) $(ARCH_FLAGS) -o $@ -c $< $(CFLAGS)

clean:
#  Implicit rule search has not been done.
#  Modification time never checked.
#  File has not been updated.
#  recipe to execute (from 'Makefile', line 27):
	rm -rf *.o test/*.o *.elf *.hex

main.hex: main.elf
#  Implicit rule search has not been done.
#  Last modified 2021-10-18 01:48:30.459865404
#  File has been updated.
#  Successfully updated.
#  recipe to execute (from 'Makefile', line 13):
	$(OBJCOPY) -O ihex -j .data -j .text -j .bss -j .display $< $@

# Not a target:
SSD1306.c:
#  Implicit rule search has been done.
#  Last modified 2021-10-18 01:42:47.178771325
#  File has been updated.
#  Successfully updated.

# files hash-table stats:
# Load=13/1024=1%, Rehash=0, Collisions=0/41=0%
# VPATH Search Paths

# No 'vpath' search paths.

# No general ('VPATH' variable) search path.

# strcache buffers: 1 (0) / strings = 26 / storage = 215 B / avg = 8 B
# current buf: size = 8162 B / used = 215 B / count = 26 / avg = 8 B

# strcache performance: lookups = 51 / hit rate = 49%
# hash-table stats:
# Load=26/8192=0%, Rehash=0, Collisions=2/51=4%
# Finished Make data base on Mon Oct 18 01:49:00 2021

 
